
2018-08-30 14:44:03
[ERROR]-[Thread: main]-[org.apache.shiro.web.env.EnvironmentLoader.initEnvironment()]: Shiro environment initialization failed
org.apache.shiro.config.ConfigurationException: Shiro INI configuration was either not found or discovered to be empty/unconfigured.
	at org.apache.shiro.web.env.IniWebEnvironment.parseConfig(IniWebEnvironment.java:110)
	at org.apache.shiro.web.env.IniWebEnvironment.init(IniWebEnvironment.java:69)
	at org.apache.shiro.util.LifecycleUtils.init(LifecycleUtils.java:45)
	at org.apache.shiro.util.LifecycleUtils.init(LifecycleUtils.java:40)
	at org.apache.shiro.web.env.EnvironmentLoader.createEnvironment(EnvironmentLoader.java:313)
	at org.apache.shiro.web.env.EnvironmentLoader.initEnvironment(EnvironmentLoader.java:139)
	at org.apache.shiro.web.env.EnvironmentLoaderListener.contextInitialized(EnvironmentLoaderListener.java:58)
	at org.eclipse.jetty.server.handler.ContextHandler.callContextInitialized(ContextHandler.java:771)
	at org.eclipse.jetty.servlet.ServletContextHandler.callContextInitialized(ServletContextHandler.java:424)
	at org.eclipse.jetty.server.handler.ContextHandler.startContext(ContextHandler.java:763)
	at org.eclipse.jetty.servlet.ServletContextHandler.startContext(ServletContextHandler.java:249)
	at org.eclipse.jetty.webapp.WebAppContext.startContext(WebAppContext.java:1250)
	at org.eclipse.jetty.server.handler.ContextHandler.doStart(ContextHandler.java:706)
	at org.eclipse.jetty.webapp.WebAppContext.doStart(WebAppContext.java:492)
	at org.eclipse.jetty.util.component.AbstractLifeCycle.start(AbstractLifeCycle.java:64)
	at org.eclipse.jetty.server.handler.HandlerWrapper.doStart(HandlerWrapper.java:95)
	at org.eclipse.jetty.server.Server.doStart(Server.java:277)
	at org.eclipse.jetty.util.component.AbstractLifeCycle.start(AbstractLifeCycle.java:64)
	at com.jfinal.server.JettyServerForIDEA.doStart(JettyServerForIDEA.java:133)
	at com.jfinal.server.JettyServerForIDEA.start(JettyServerForIDEA.java:72)
	at com.jfinal.core.JFinal.start(JFinal.java:174)
	at com.edulab.config.MainConfig.main(MainConfig.java:21)

2018-08-30 14:44:03
[ERROR]-[Thread: main]-[com.jfinal.kit.LogKit.error()]: Shiro INI configuration was either not found or discovered to be empty/unconfigured.
org.apache.shiro.config.ConfigurationException: Shiro INI configuration was either not found or discovered to be empty/unconfigured.
	at org.apache.shiro.web.env.IniWebEnvironment.parseConfig(IniWebEnvironment.java:110)
	at org.apache.shiro.web.env.IniWebEnvironment.init(IniWebEnvironment.java:69)
	at org.apache.shiro.util.LifecycleUtils.init(LifecycleUtils.java:45)
	at org.apache.shiro.util.LifecycleUtils.init(LifecycleUtils.java:40)
	at org.apache.shiro.web.env.EnvironmentLoader.createEnvironment(EnvironmentLoader.java:313)
	at org.apache.shiro.web.env.EnvironmentLoader.initEnvironment(EnvironmentLoader.java:139)
	at org.apache.shiro.web.env.EnvironmentLoaderListener.contextInitialized(EnvironmentLoaderListener.java:58)
	at org.eclipse.jetty.server.handler.ContextHandler.callContextInitialized(ContextHandler.java:771)
	at org.eclipse.jetty.servlet.ServletContextHandler.callContextInitialized(ServletContextHandler.java:424)
	at org.eclipse.jetty.server.handler.ContextHandler.startContext(ContextHandler.java:763)
	at org.eclipse.jetty.servlet.ServletContextHandler.startContext(ServletContextHandler.java:249)
	at org.eclipse.jetty.webapp.WebAppContext.startContext(WebAppContext.java:1250)
	at org.eclipse.jetty.server.handler.ContextHandler.doStart(ContextHandler.java:706)
	at org.eclipse.jetty.webapp.WebAppContext.doStart(WebAppContext.java:492)
	at org.eclipse.jetty.util.component.AbstractLifeCycle.start(AbstractLifeCycle.java:64)
	at org.eclipse.jetty.server.handler.HandlerWrapper.doStart(HandlerWrapper.java:95)
	at org.eclipse.jetty.server.Server.doStart(Server.java:277)
	at org.eclipse.jetty.util.component.AbstractLifeCycle.start(AbstractLifeCycle.java:64)
	at com.jfinal.server.JettyServerForIDEA.doStart(JettyServerForIDEA.java:133)
	at com.jfinal.server.JettyServerForIDEA.start(JettyServerForIDEA.java:72)
	at com.jfinal.core.JFinal.start(JFinal.java:174)
	at com.edulab.config.MainConfig.main(MainConfig.java:21)

2018-08-30 14:44:31
[ERROR]-[Thread: main]-[org.apache.shiro.web.env.EnvironmentLoader.initEnvironment()]: Shiro environment initialization failed
org.apache.shiro.config.ConfigurationException: Shiro INI configuration was either not found or discovered to be empty/unconfigured.
	at org.apache.shiro.web.env.IniWebEnvironment.parseConfig(IniWebEnvironment.java:110)
	at org.apache.shiro.web.env.IniWebEnvironment.init(IniWebEnvironment.java:69)
	at org.apache.shiro.util.LifecycleUtils.init(LifecycleUtils.java:45)
	at org.apache.shiro.util.LifecycleUtils.init(LifecycleUtils.java:40)
	at org.apache.shiro.web.env.EnvironmentLoader.createEnvironment(EnvironmentLoader.java:313)
	at org.apache.shiro.web.env.EnvironmentLoader.initEnvironment(EnvironmentLoader.java:139)
	at org.apache.shiro.web.env.EnvironmentLoaderListener.contextInitialized(EnvironmentLoaderListener.java:58)
	at org.eclipse.jetty.server.handler.ContextHandler.callContextInitialized(ContextHandler.java:771)
	at org.eclipse.jetty.servlet.ServletContextHandler.callContextInitialized(ServletContextHandler.java:424)
	at org.eclipse.jetty.server.handler.ContextHandler.startContext(ContextHandler.java:763)
	at org.eclipse.jetty.servlet.ServletContextHandler.startContext(ServletContextHandler.java:249)
	at org.eclipse.jetty.webapp.WebAppContext.startContext(WebAppContext.java:1250)
	at org.eclipse.jetty.server.handler.ContextHandler.doStart(ContextHandler.java:706)
	at org.eclipse.jetty.webapp.WebAppContext.doStart(WebAppContext.java:492)
	at org.eclipse.jetty.util.component.AbstractLifeCycle.start(AbstractLifeCycle.java:64)
	at org.eclipse.jetty.server.handler.HandlerWrapper.doStart(HandlerWrapper.java:95)
	at org.eclipse.jetty.server.Server.doStart(Server.java:277)
	at org.eclipse.jetty.util.component.AbstractLifeCycle.start(AbstractLifeCycle.java:64)
	at com.jfinal.server.JettyServerForIDEA.doStart(JettyServerForIDEA.java:133)
	at com.jfinal.server.JettyServerForIDEA.start(JettyServerForIDEA.java:72)
	at com.jfinal.core.JFinal.start(JFinal.java:174)
	at com.edulab.config.MainConfig.main(MainConfig.java:21)

2018-08-30 14:44:31
[ERROR]-[Thread: main]-[com.jfinal.kit.LogKit.error()]: Shiro INI configuration was either not found or discovered to be empty/unconfigured.
org.apache.shiro.config.ConfigurationException: Shiro INI configuration was either not found or discovered to be empty/unconfigured.
	at org.apache.shiro.web.env.IniWebEnvironment.parseConfig(IniWebEnvironment.java:110)
	at org.apache.shiro.web.env.IniWebEnvironment.init(IniWebEnvironment.java:69)
	at org.apache.shiro.util.LifecycleUtils.init(LifecycleUtils.java:45)
	at org.apache.shiro.util.LifecycleUtils.init(LifecycleUtils.java:40)
	at org.apache.shiro.web.env.EnvironmentLoader.createEnvironment(EnvironmentLoader.java:313)
	at org.apache.shiro.web.env.EnvironmentLoader.initEnvironment(EnvironmentLoader.java:139)
	at org.apache.shiro.web.env.EnvironmentLoaderListener.contextInitialized(EnvironmentLoaderListener.java:58)
	at org.eclipse.jetty.server.handler.ContextHandler.callContextInitialized(ContextHandler.java:771)
	at org.eclipse.jetty.servlet.ServletContextHandler.callContextInitialized(ServletContextHandler.java:424)
	at org.eclipse.jetty.server.handler.ContextHandler.startContext(ContextHandler.java:763)
	at org.eclipse.jetty.servlet.ServletContextHandler.startContext(ServletContextHandler.java:249)
	at org.eclipse.jetty.webapp.WebAppContext.startContext(WebAppContext.java:1250)
	at org.eclipse.jetty.server.handler.ContextHandler.doStart(ContextHandler.java:706)
	at org.eclipse.jetty.webapp.WebAppContext.doStart(WebAppContext.java:492)
	at org.eclipse.jetty.util.component.AbstractLifeCycle.start(AbstractLifeCycle.java:64)
	at org.eclipse.jetty.server.handler.HandlerWrapper.doStart(HandlerWrapper.java:95)
	at org.eclipse.jetty.server.Server.doStart(Server.java:277)
	at org.eclipse.jetty.util.component.AbstractLifeCycle.start(AbstractLifeCycle.java:64)
	at com.jfinal.server.JettyServerForIDEA.doStart(JettyServerForIDEA.java:133)
	at com.jfinal.server.JettyServerForIDEA.start(JettyServerForIDEA.java:72)
	at com.jfinal.core.JFinal.start(JFinal.java:174)
	at com.edulab.config.MainConfig.main(MainConfig.java:21)

2018-08-30 14:44:50
[ERROR]-[Thread: main]-[org.apache.shiro.web.env.EnvironmentLoader.initEnvironment()]: Shiro environment initialization failed
org.apache.shiro.config.ConfigurationException: Shiro INI configuration was either not found or discovered to be empty/unconfigured.
	at org.apache.shiro.web.env.IniWebEnvironment.parseConfig(IniWebEnvironment.java:110)
	at org.apache.shiro.web.env.IniWebEnvironment.init(IniWebEnvironment.java:69)
	at org.apache.shiro.util.LifecycleUtils.init(LifecycleUtils.java:45)
	at org.apache.shiro.util.LifecycleUtils.init(LifecycleUtils.java:40)
	at org.apache.shiro.web.env.EnvironmentLoader.createEnvironment(EnvironmentLoader.java:313)
	at org.apache.shiro.web.env.EnvironmentLoader.initEnvironment(EnvironmentLoader.java:139)
	at org.apache.shiro.web.env.EnvironmentLoaderListener.contextInitialized(EnvironmentLoaderListener.java:58)
	at org.eclipse.jetty.server.handler.ContextHandler.callContextInitialized(ContextHandler.java:771)
	at org.eclipse.jetty.servlet.ServletContextHandler.callContextInitialized(ServletContextHandler.java:424)
	at org.eclipse.jetty.server.handler.ContextHandler.startContext(ContextHandler.java:763)
	at org.eclipse.jetty.servlet.ServletContextHandler.startContext(ServletContextHandler.java:249)
	at org.eclipse.jetty.webapp.WebAppContext.startContext(WebAppContext.java:1250)
	at org.eclipse.jetty.server.handler.ContextHandler.doStart(ContextHandler.java:706)
	at org.eclipse.jetty.webapp.WebAppContext.doStart(WebAppContext.java:492)
	at org.eclipse.jetty.util.component.AbstractLifeCycle.start(AbstractLifeCycle.java:64)
	at org.eclipse.jetty.server.handler.HandlerWrapper.doStart(HandlerWrapper.java:95)
	at org.eclipse.jetty.server.Server.doStart(Server.java:277)
	at org.eclipse.jetty.util.component.AbstractLifeCycle.start(AbstractLifeCycle.java:64)
	at com.jfinal.server.JettyServerForIDEA.doStart(JettyServerForIDEA.java:133)
	at com.jfinal.server.JettyServerForIDEA.start(JettyServerForIDEA.java:72)
	at com.jfinal.core.JFinal.start(JFinal.java:174)
	at com.edulab.config.MainConfig.main(MainConfig.java:21)

2018-08-30 14:44:50
[ERROR]-[Thread: main]-[com.jfinal.kit.LogKit.error()]: Shiro INI configuration was either not found or discovered to be empty/unconfigured.
org.apache.shiro.config.ConfigurationException: Shiro INI configuration was either not found or discovered to be empty/unconfigured.
	at org.apache.shiro.web.env.IniWebEnvironment.parseConfig(IniWebEnvironment.java:110)
	at org.apache.shiro.web.env.IniWebEnvironment.init(IniWebEnvironment.java:69)
	at org.apache.shiro.util.LifecycleUtils.init(LifecycleUtils.java:45)
	at org.apache.shiro.util.LifecycleUtils.init(LifecycleUtils.java:40)
	at org.apache.shiro.web.env.EnvironmentLoader.createEnvironment(EnvironmentLoader.java:313)
	at org.apache.shiro.web.env.EnvironmentLoader.initEnvironment(EnvironmentLoader.java:139)
	at org.apache.shiro.web.env.EnvironmentLoaderListener.contextInitialized(EnvironmentLoaderListener.java:58)
	at org.eclipse.jetty.server.handler.ContextHandler.callContextInitialized(ContextHandler.java:771)
	at org.eclipse.jetty.servlet.ServletContextHandler.callContextInitialized(ServletContextHandler.java:424)
	at org.eclipse.jetty.server.handler.ContextHandler.startContext(ContextHandler.java:763)
	at org.eclipse.jetty.servlet.ServletContextHandler.startContext(ServletContextHandler.java:249)
	at org.eclipse.jetty.webapp.WebAppContext.startContext(WebAppContext.java:1250)
	at org.eclipse.jetty.server.handler.ContextHandler.doStart(ContextHandler.java:706)
	at org.eclipse.jetty.webapp.WebAppContext.doStart(WebAppContext.java:492)
	at org.eclipse.jetty.util.component.AbstractLifeCycle.start(AbstractLifeCycle.java:64)
	at org.eclipse.jetty.server.handler.HandlerWrapper.doStart(HandlerWrapper.java:95)
	at org.eclipse.jetty.server.Server.doStart(Server.java:277)
	at org.eclipse.jetty.util.component.AbstractLifeCycle.start(AbstractLifeCycle.java:64)
	at com.jfinal.server.JettyServerForIDEA.doStart(JettyServerForIDEA.java:133)
	at com.jfinal.server.JettyServerForIDEA.start(JettyServerForIDEA.java:72)
	at com.jfinal.core.JFinal.start(JFinal.java:174)
	at com.edulab.config.MainConfig.main(MainConfig.java:21)

2018-08-30 14:45:28
[ERROR]-[Thread: main]-[org.apache.shiro.web.env.EnvironmentLoader.initEnvironment()]: Shiro environment initialization failed
org.apache.shiro.config.ConfigurationException: Shiro INI configuration was either not found or discovered to be empty/unconfigured.
	at org.apache.shiro.web.env.IniWebEnvironment.parseConfig(IniWebEnvironment.java:110)
	at org.apache.shiro.web.env.IniWebEnvironment.init(IniWebEnvironment.java:69)
	at org.apache.shiro.util.LifecycleUtils.init(LifecycleUtils.java:45)
	at org.apache.shiro.util.LifecycleUtils.init(LifecycleUtils.java:40)
	at org.apache.shiro.web.env.EnvironmentLoader.createEnvironment(EnvironmentLoader.java:313)
	at org.apache.shiro.web.env.EnvironmentLoader.initEnvironment(EnvironmentLoader.java:139)
	at org.apache.shiro.web.env.EnvironmentLoaderListener.contextInitialized(EnvironmentLoaderListener.java:58)
	at org.eclipse.jetty.server.handler.ContextHandler.callContextInitialized(ContextHandler.java:771)
	at org.eclipse.jetty.servlet.ServletContextHandler.callContextInitialized(ServletContextHandler.java:424)
	at org.eclipse.jetty.server.handler.ContextHandler.startContext(ContextHandler.java:763)
	at org.eclipse.jetty.servlet.ServletContextHandler.startContext(ServletContextHandler.java:249)
	at org.eclipse.jetty.webapp.WebAppContext.startContext(WebAppContext.java:1250)
	at org.eclipse.jetty.server.handler.ContextHandler.doStart(ContextHandler.java:706)
	at org.eclipse.jetty.webapp.WebAppContext.doStart(WebAppContext.java:492)
	at org.eclipse.jetty.util.component.AbstractLifeCycle.start(AbstractLifeCycle.java:64)
	at org.eclipse.jetty.server.handler.HandlerWrapper.doStart(HandlerWrapper.java:95)
	at org.eclipse.jetty.server.Server.doStart(Server.java:277)
	at org.eclipse.jetty.util.component.AbstractLifeCycle.start(AbstractLifeCycle.java:64)
	at com.jfinal.server.JettyServerForIDEA.doStart(JettyServerForIDEA.java:133)
	at com.jfinal.server.JettyServerForIDEA.start(JettyServerForIDEA.java:72)
	at com.jfinal.core.JFinal.start(JFinal.java:174)
	at com.edulab.config.MainConfig.main(MainConfig.java:21)

2018-08-30 14:45:28
[ERROR]-[Thread: main]-[com.jfinal.kit.LogKit.error()]: Shiro INI configuration was either not found or discovered to be empty/unconfigured.
org.apache.shiro.config.ConfigurationException: Shiro INI configuration was either not found or discovered to be empty/unconfigured.
	at org.apache.shiro.web.env.IniWebEnvironment.parseConfig(IniWebEnvironment.java:110)
	at org.apache.shiro.web.env.IniWebEnvironment.init(IniWebEnvironment.java:69)
	at org.apache.shiro.util.LifecycleUtils.init(LifecycleUtils.java:45)
	at org.apache.shiro.util.LifecycleUtils.init(LifecycleUtils.java:40)
	at org.apache.shiro.web.env.EnvironmentLoader.createEnvironment(EnvironmentLoader.java:313)
	at org.apache.shiro.web.env.EnvironmentLoader.initEnvironment(EnvironmentLoader.java:139)
	at org.apache.shiro.web.env.EnvironmentLoaderListener.contextInitialized(EnvironmentLoaderListener.java:58)
	at org.eclipse.jetty.server.handler.ContextHandler.callContextInitialized(ContextHandler.java:771)
	at org.eclipse.jetty.servlet.ServletContextHandler.callContextInitialized(ServletContextHandler.java:424)
	at org.eclipse.jetty.server.handler.ContextHandler.startContext(ContextHandler.java:763)
	at org.eclipse.jetty.servlet.ServletContextHandler.startContext(ServletContextHandler.java:249)
	at org.eclipse.jetty.webapp.WebAppContext.startContext(WebAppContext.java:1250)
	at org.eclipse.jetty.server.handler.ContextHandler.doStart(ContextHandler.java:706)
	at org.eclipse.jetty.webapp.WebAppContext.doStart(WebAppContext.java:492)
	at org.eclipse.jetty.util.component.AbstractLifeCycle.start(AbstractLifeCycle.java:64)
	at org.eclipse.jetty.server.handler.HandlerWrapper.doStart(HandlerWrapper.java:95)
	at org.eclipse.jetty.server.Server.doStart(Server.java:277)
	at org.eclipse.jetty.util.component.AbstractLifeCycle.start(AbstractLifeCycle.java:64)
	at com.jfinal.server.JettyServerForIDEA.doStart(JettyServerForIDEA.java:133)
	at com.jfinal.server.JettyServerForIDEA.start(JettyServerForIDEA.java:72)
	at com.jfinal.core.JFinal.start(JFinal.java:174)
	at com.edulab.config.MainConfig.main(MainConfig.java:21)

2018-08-30 14:45:59
[ERROR]-[Thread: main]-[org.apache.shiro.web.env.EnvironmentLoader.initEnvironment()]: Shiro environment initialization failed
org.apache.shiro.config.ConfigurationException: Shiro INI configuration was either not found or discovered to be empty/unconfigured.
	at org.apache.shiro.web.env.IniWebEnvironment.parseConfig(IniWebEnvironment.java:110)
	at org.apache.shiro.web.env.IniWebEnvironment.init(IniWebEnvironment.java:69)
	at org.apache.shiro.util.LifecycleUtils.init(LifecycleUtils.java:45)
	at org.apache.shiro.util.LifecycleUtils.init(LifecycleUtils.java:40)
	at org.apache.shiro.web.env.EnvironmentLoader.createEnvironment(EnvironmentLoader.java:313)
	at org.apache.shiro.web.env.EnvironmentLoader.initEnvironment(EnvironmentLoader.java:139)
	at org.apache.shiro.web.env.EnvironmentLoaderListener.contextInitialized(EnvironmentLoaderListener.java:58)
	at org.eclipse.jetty.server.handler.ContextHandler.callContextInitialized(ContextHandler.java:771)
	at org.eclipse.jetty.servlet.ServletContextHandler.callContextInitialized(ServletContextHandler.java:424)
	at org.eclipse.jetty.server.handler.ContextHandler.startContext(ContextHandler.java:763)
	at org.eclipse.jetty.servlet.ServletContextHandler.startContext(ServletContextHandler.java:249)
	at org.eclipse.jetty.webapp.WebAppContext.startContext(WebAppContext.java:1250)
	at org.eclipse.jetty.server.handler.ContextHandler.doStart(ContextHandler.java:706)
	at org.eclipse.jetty.webapp.WebAppContext.doStart(WebAppContext.java:492)
	at org.eclipse.jetty.util.component.AbstractLifeCycle.start(AbstractLifeCycle.java:64)
	at org.eclipse.jetty.server.handler.HandlerWrapper.doStart(HandlerWrapper.java:95)
	at org.eclipse.jetty.server.Server.doStart(Server.java:277)
	at org.eclipse.jetty.util.component.AbstractLifeCycle.start(AbstractLifeCycle.java:64)
	at com.jfinal.server.JettyServerForIDEA.doStart(JettyServerForIDEA.java:133)
	at com.jfinal.server.JettyServerForIDEA.start(JettyServerForIDEA.java:72)
	at com.jfinal.core.JFinal.start(JFinal.java:174)
	at com.edulab.config.MainConfig.main(MainConfig.java:21)

2018-08-30 14:45:59
[ERROR]-[Thread: main]-[com.jfinal.kit.LogKit.error()]: Shiro INI configuration was either not found or discovered to be empty/unconfigured.
org.apache.shiro.config.ConfigurationException: Shiro INI configuration was either not found or discovered to be empty/unconfigured.
	at org.apache.shiro.web.env.IniWebEnvironment.parseConfig(IniWebEnvironment.java:110)
	at org.apache.shiro.web.env.IniWebEnvironment.init(IniWebEnvironment.java:69)
	at org.apache.shiro.util.LifecycleUtils.init(LifecycleUtils.java:45)
	at org.apache.shiro.util.LifecycleUtils.init(LifecycleUtils.java:40)
	at org.apache.shiro.web.env.EnvironmentLoader.createEnvironment(EnvironmentLoader.java:313)
	at org.apache.shiro.web.env.EnvironmentLoader.initEnvironment(EnvironmentLoader.java:139)
	at org.apache.shiro.web.env.EnvironmentLoaderListener.contextInitialized(EnvironmentLoaderListener.java:58)
	at org.eclipse.jetty.server.handler.ContextHandler.callContextInitialized(ContextHandler.java:771)
	at org.eclipse.jetty.servlet.ServletContextHandler.callContextInitialized(ServletContextHandler.java:424)
	at org.eclipse.jetty.server.handler.ContextHandler.startContext(ContextHandler.java:763)
	at org.eclipse.jetty.servlet.ServletContextHandler.startContext(ServletContextHandler.java:249)
	at org.eclipse.jetty.webapp.WebAppContext.startContext(WebAppContext.java:1250)
	at org.eclipse.jetty.server.handler.ContextHandler.doStart(ContextHandler.java:706)
	at org.eclipse.jetty.webapp.WebAppContext.doStart(WebAppContext.java:492)
	at org.eclipse.jetty.util.component.AbstractLifeCycle.start(AbstractLifeCycle.java:64)
	at org.eclipse.jetty.server.handler.HandlerWrapper.doStart(HandlerWrapper.java:95)
	at org.eclipse.jetty.server.Server.doStart(Server.java:277)
	at org.eclipse.jetty.util.component.AbstractLifeCycle.start(AbstractLifeCycle.java:64)
	at com.jfinal.server.JettyServerForIDEA.doStart(JettyServerForIDEA.java:133)
	at com.jfinal.server.JettyServerForIDEA.start(JettyServerForIDEA.java:72)
	at com.jfinal.core.JFinal.start(JFinal.java:174)
	at com.edulab.config.MainConfig.main(MainConfig.java:21)

2018-08-30 14:47:15
[ERROR]-[Thread: main]-[com.jfinal.kit.LogKit.error()]: org.apache.shiro.web.servlet.ShiroFilter
javax.servlet.UnavailableException: org.apache.shiro.web.servlet.ShiroFilter
	at org.eclipse.jetty.servlet.Holder.doStart(Holder.java:104)
	at org.eclipse.jetty.servlet.FilterHolder.doStart(FilterHolder.java:91)
	at org.eclipse.jetty.util.component.AbstractLifeCycle.start(AbstractLifeCycle.java:64)
	at org.eclipse.jetty.servlet.ServletHandler.initialize(ServletHandler.java:724)
	at org.eclipse.jetty.servlet.ServletContextHandler.startContext(ServletContextHandler.java:265)
	at org.eclipse.jetty.webapp.WebAppContext.startContext(WebAppContext.java:1250)
	at org.eclipse.jetty.server.handler.ContextHandler.doStart(ContextHandler.java:706)
	at org.eclipse.jetty.webapp.WebAppContext.doStart(WebAppContext.java:492)
	at org.eclipse.jetty.util.component.AbstractLifeCycle.start(AbstractLifeCycle.java:64)
	at org.eclipse.jetty.server.handler.HandlerWrapper.doStart(HandlerWrapper.java:95)
	at org.eclipse.jetty.server.Server.doStart(Server.java:277)
	at org.eclipse.jetty.util.component.AbstractLifeCycle.start(AbstractLifeCycle.java:64)
	at com.jfinal.server.JettyServerForIDEA.doStart(JettyServerForIDEA.java:133)
	at com.jfinal.server.JettyServerForIDEA.start(JettyServerForIDEA.java:72)
	at com.jfinal.core.JFinal.start(JFinal.java:174)
	at com.edulab.config.MainConfig.main(MainConfig.java:21)

2018-08-30 14:49:30
[ERROR]-[Thread: qtp2080166188-23]-[com.jfinal.core.ActionHandler.handle()]: /registerAuth?userAuths.identifier=root&userAuths.credential=123456
com.jfinal.plugin.activerecord.ActiveRecordException: com.mysql.jdbc.exceptions.jdbc4.MySQLIntegrityConstraintViolationException: Column 'registerIp' cannot be null
	at com.jfinal.plugin.activerecord.DbPro.save(DbPro.java:647)
	at com.jfinal.plugin.activerecord.DbPro.save(DbPro.java:657)
	at com.jfinal.plugin.activerecord.Db.save(Db.java:463)
	at com.edulab.controller.user.UserService.getUserRegister(UserService.java:56)
	at com.edulab.controller.user.UserController.registerAuth(UserController.java:41)
	at sun.reflect.NativeMethodAccessorImpl.invoke0(Native Method)
	at sun.reflect.NativeMethodAccessorImpl.invoke(NativeMethodAccessorImpl.java:62)
	at sun.reflect.DelegatingMethodAccessorImpl.invoke(DelegatingMethodAccessorImpl.java:43)
	at java.lang.reflect.Method.invoke(Method.java:498)
	at com.jfinal.aop.Invocation.invoke(Invocation.java:73)
	at com.jfinal.core.ActionHandler.handle(ActionHandler.java:78)
	at com.jfinal.core.JFinalFilter.doFilter(JFinalFilter.java:73)
	at org.eclipse.jetty.servlet.ServletHandler$CachedChain.doFilter(ServletHandler.java:1307)
	at org.eclipse.jetty.servlet.ServletHandler.doHandle(ServletHandler.java:453)
	at org.eclipse.jetty.server.handler.ScopedHandler.handle(ScopedHandler.java:137)
	at org.eclipse.jetty.security.SecurityHandler.handle(SecurityHandler.java:560)
	at org.eclipse.jetty.server.session.SessionHandler.doHandle(SessionHandler.java:231)
	at org.eclipse.jetty.server.handler.ContextHandler.doHandle(ContextHandler.java:1072)
	at org.eclipse.jetty.servlet.ServletHandler.doScope(ServletHandler.java:382)
	at org.eclipse.jetty.server.session.SessionHandler.doScope(SessionHandler.java:193)
	at org.eclipse.jetty.server.handler.ContextHandler.doScope(ContextHandler.java:1006)
	at org.eclipse.jetty.server.handler.ScopedHandler.handle(ScopedHandler.java:135)
	at org.eclipse.jetty.server.handler.HandlerWrapper.handle(HandlerWrapper.java:116)
	at org.eclipse.jetty.server.Server.handle(Server.java:365)
	at org.eclipse.jetty.server.AbstractHttpConnection.handleRequest(AbstractHttpConnection.java:485)
	at org.eclipse.jetty.server.AbstractHttpConnection.headerComplete(AbstractHttpConnection.java:926)
	at org.eclipse.jetty.server.AbstractHttpConnection$RequestHandler.headerComplete(AbstractHttpConnection.java:988)
	at org.eclipse.jetty.http.HttpParser.parseNext(HttpParser.java:635)
	at org.eclipse.jetty.http.HttpParser.parseAvailable(HttpParser.java:235)
	at org.eclipse.jetty.server.AsyncHttpConnection.handle(AsyncHttpConnection.java:82)
	at org.eclipse.jetty.io.nio.SelectChannelEndPoint.handle(SelectChannelEndPoint.java:628)
	at org.eclipse.jetty.io.nio.SelectChannelEndPoint$1.run(SelectChannelEndPoint.java:52)
	at org.eclipse.jetty.util.thread.QueuedThreadPool.runJob(QueuedThreadPool.java:608)
	at org.eclipse.jetty.util.thread.QueuedThreadPool$3.run(QueuedThreadPool.java:543)
	at java.lang.Thread.run(Thread.java:748)
Caused by: com.mysql.jdbc.exceptions.jdbc4.MySQLIntegrityConstraintViolationException: Column 'registerIp' cannot be null
	at sun.reflect.NativeConstructorAccessorImpl.newInstance0(Native Method)
	at sun.reflect.NativeConstructorAccessorImpl.newInstance(NativeConstructorAccessorImpl.java:62)
	at sun.reflect.DelegatingConstructorAccessorImpl.newInstance(DelegatingConstructorAccessorImpl.java:45)
	at java.lang.reflect.Constructor.newInstance(Constructor.java:423)
	at com.mysql.jdbc.Util.handleNewInstance(Util.java:425)
	at com.mysql.jdbc.Util.getInstance(Util.java:408)
	at com.mysql.jdbc.SQLError.createSQLException(SQLError.java:936)
	at com.mysql.jdbc.MysqlIO.checkErrorPacket(MysqlIO.java:3976)
	at com.mysql.jdbc.MysqlIO.checkErrorPacket(MysqlIO.java:3912)
	at com.mysql.jdbc.MysqlIO.sendCommand(MysqlIO.java:2530)
	at com.mysql.jdbc.MysqlIO.sqlQueryDirect(MysqlIO.java:2683)
	at com.mysql.jdbc.ConnectionImpl.execSQL(ConnectionImpl.java:2486)
	at com.mysql.jdbc.PreparedStatement.executeInternal(PreparedStatement.java:1858)
	at com.mysql.jdbc.PreparedStatement.executeUpdateInternal(PreparedStatement.java:2079)
	at com.mysql.jdbc.PreparedStatement.executeUpdateInternal(PreparedStatement.java:2013)
	at com.mysql.jdbc.PreparedStatement.executeLargeUpdate(PreparedStatement.java:5104)
	at com.mysql.jdbc.PreparedStatement.executeUpdate(PreparedStatement.java:1998)
	at com.alibaba.druid.pool.DruidPooledPreparedStatement.executeUpdate(DruidPooledPreparedStatement.java:256)
	at com.jfinal.plugin.activerecord.DbPro.save(DbPro.java:623)
	at com.jfinal.plugin.activerecord.DbPro.save(DbPro.java:645)
	... 34 more
